     diagonalizing the dynamical matrix ...

 q =       0.0000      0.0000      0.0000
 **************************************************************************
     freq (    1) =      -3.158481 [THz] =    -105.355571 [cm-1]
 (  0.013742   0.000000    -0.014410   0.000000    -0.391934   0.000000   )
 ( -0.013742   0.000000     0.014410   0.000000     0.391934   0.000000   )
 (  0.028038   0.000000     0.016381   0.000000    -0.419798   0.000000   )
 (  0.002643   0.000000     0.050462   0.000000     0.407618   0.000000   )
 ( -0.002643   0.000000    -0.050462   0.000000    -0.407618   0.000000   )
 ( -0.028038   0.000000    -0.016381   0.000000     0.419798   0.000000   )
     freq (    2) =      -0.000001 [THz] =      -0.000028 [cm-1]
 (  0.126600   0.000000    -0.275400   0.000000     0.014987   0.000000   )
 (  0.409176   0.000000     0.364967   0.000000    -0.005230   0.000000   )
 (  0.127652   0.000000    -0.308240   0.000000    -0.005230   0.000000   )
 (  0.302961   0.000000     0.146332   0.000000     0.014987   0.000000   )
 (  0.232815   0.000000    -0.056765   0.000000    -0.005230   0.000000   )
 (  0.408124   0.000000     0.397806   0.000000     0.014987   0.000000   )
     freq (    3) =      -0.000000 [THz] =      -0.000007 [cm-1]
 ( -0.142205   0.000000    -0.466176   0.000000    -0.118203   0.000000   )
 ( -0.018615   0.000000    -0.259761   0.000000    -0.117178   0.000000   )
 ( -0.163686   0.000000    -0.501624   0.000000    -0.117178   0.000000   )
 ( -0.051325   0.000000    -0.314660   0.000000    -0.118203   0.000000   )
 ( -0.109495   0.000000    -0.411277   0.000000    -0.117178   0.000000   )
 (  0.002865   0.000000    -0.224313   0.000000    -0.118203   0.000000   )
     freq (    4) =       0.000000 [THz] =       0.000007 [cm-1]
 (  0.019226   0.000000     0.135344   0.000000    -0.391912   0.000000   )
 (  0.010387   0.000000     0.096383   0.000000    -0.388743   0.000000   )
 (  0.025210   0.000000     0.151141   0.000000    -0.388743   0.000000   )
 (  0.009940   0.000000     0.101040   0.000000    -0.391912   0.000000   )
 (  0.019673   0.000000     0.130686   0.000000    -0.388743   0.000000   )
 (  0.004403   0.000000     0.080585   0.000000    -0.391912   0.000000   )
     freq (    5) =       0.000001 [THz] =       0.000018 [cm-1]
 (  0.570463   0.000000     0.061180   0.000000     0.049850   0.000000   )
 ( -0.184483   0.000000    -0.243942   0.000000    -0.084441   0.000000   )
 (  0.475901   0.000000    -0.332850   0.000000    -0.084441   0.000000   )
 (  0.156763   0.000000     0.116877   0.000000     0.049850   0.000000   )
 (  0.229217   0.000000    -0.299639   0.000000    -0.084441   0.000000   )
 ( -0.089921   0.000000     0.150088   0.000000     0.049850   0.000000   )
     freq (    6) =       0.000001 [THz] =       0.000025 [cm-1]
 ( -0.104185   0.000000     0.022111   0.000000     0.039294   0.000000   )
 ( -0.296864   0.000000     0.167465   0.000000    -0.024883   0.000000   )
 ( -0.282415   0.000000    -0.396628   0.000000    -0.024883   0.000000   )
 ( -0.113236   0.000000     0.375488   0.000000     0.039294   0.000000   )
 ( -0.287812   0.000000    -0.185913   0.000000    -0.024883   0.000000   )
 ( -0.118634   0.000000     0.586204   0.000000     0.039294   0.000000   )
     freq (    7) =       0.000001 [THz] =       0.000044 [cm-1]
 ( -0.031969   0.000000     0.285043   0.000000    -0.064940   0.000000   )
 (  0.181908   0.000000    -0.312681   0.000000     0.064754   0.000000   )
 ( -0.413802   0.000000    -0.153958   0.000000     0.064754   0.000000   )
 (  0.341215   0.000000     0.185611   0.000000    -0.064940   0.000000   )
 ( -0.191277   0.000000    -0.213249   0.000000     0.064754   0.000000   )
 (  0.563741   0.000000     0.126321   0.000000    -0.064940   0.000000   )
     freq (    8) =       7.620541 [THz] =     254.193893 [cm-1]
 (  0.049520   0.000000    -0.092428   0.000000    -0.007305   0.000000   )
 ( -0.049520   0.000000     0.092428   0.000000     0.007305   0.000000   )
 ( -0.111758   0.000000     0.385530   0.000000     0.059965   0.000000   )
 ( -0.083959   0.000000     0.560894   0.000000    -0.050807   0.000000   )
 (  0.083959   0.000000    -0.560894   0.000000     0.050807   0.000000   )
 (  0.111758   0.000000    -0.385530   0.000000    -0.059965   0.000000   )
     freq (    9) =       8.141788 [THz] =     271.580809 [cm-1]
 (  0.113689   0.000000    -0.006978   0.000000    -0.031294   0.000000   )
 ( -0.113689   0.000000     0.006978   0.000000     0.031294   0.000000   )
 ( -0.409753   0.000000    -0.058401   0.000000     0.022519   0.000000   )
 ( -0.536277   0.000000    -0.161240   0.000000    -0.025291   0.000000   )
 (  0.536277   0.000000     0.161240   0.000000     0.025291   0.000000   )
 (  0.409753   0.000000     0.058401   0.000000    -0.022519   0.000000   )
     freq (   10) =       8.244044 [THz] =     274.991694 [cm-1]
 ( -0.000000   0.000000    -0.004464   0.000000    -0.000956   0.000000   )
 (  0.000000   0.000000    -0.004464   0.000000    -0.000956   0.000000   )
 (  0.000000   0.000000    -0.491514   0.000000    -0.040197   0.000000   )
 (  0.000000   0.000000     0.504899   0.000000     0.043064   0.000000   )
 ( -0.000000   0.000000     0.504899   0.000000     0.043064   0.000000   )
 ( -0.000000   0.000000    -0.491514   0.000000    -0.040197   0.000000   )
     freq (   11) =       8.822354 [THz] =     294.282040 [cm-1]
 (  0.000078   0.000000     0.000000   0.000000    -0.000000   0.000000   )
 (  0.000078   0.000000    -0.000000   0.000000     0.000000   0.000000   )
 (  0.499883   0.000000     0.000000   0.000000     0.000000   0.000000   )
 ( -0.500117   0.000000     0.000000   0.000000    -0.000000   0.000000   )
 ( -0.500117   0.000000    -0.000000   0.000000     0.000000   0.000000   )
 (  0.499883   0.000000    -0.000000   0.000000    -0.000000   0.000000   )
     freq (   12) =      10.299877 [THz] =     343.566917 [cm-1]
 (  0.000000   0.000000     0.041976   0.000000    -0.004123   0.000000   )
 ( -0.000000   0.000000     0.041976   0.000000    -0.004123   0.000000   )
 ( -0.000000   0.000000    -0.023074   0.000000    -0.487300   0.000000   )
 (  0.000000   0.000000    -0.102787   0.000000     0.499662   0.000000   )
 ( -0.000000   0.000000    -0.102787   0.000000     0.499662   0.000000   )
 (  0.000000   0.000000    -0.023074   0.000000    -0.487300   0.000000   )
     freq (   13) =      11.072456 [THz] =     369.337388 [cm-1]
 (  0.251454   0.000000    -0.145818   0.000000    -0.084964   0.000000   )
 ( -0.251454   0.000000     0.145818   0.000000     0.084964   0.000000   )
 ( -0.268242   0.000000     0.158097   0.000000     0.066140   0.000000   )
 (  0.457020   0.000000    -0.258702   0.000000    -0.176554   0.000000   )
 ( -0.457020   0.000000     0.258702   0.000000     0.176554   0.000000   )
 (  0.268242   0.000000    -0.158097   0.000000    -0.066140   0.000000   )
     freq (   14) =      11.140177 [THz] =     371.596302 [cm-1]
 ( -0.301640   0.000000     0.000000   0.000000     0.000000   0.000000   )
 ( -0.301640   0.000000    -0.000000   0.000000    -0.000000   0.000000   )
 (  0.452400   0.000000    -0.000000   0.000000    -0.000000   0.000000   )
 (  0.452048   0.000000     0.000000   0.000000     0.000000   0.000000   )
 (  0.452048   0.000000    -0.000000   0.000000    -0.000000   0.000000   )
 (  0.452400   0.000000     0.000000   0.000000     0.000000   0.000000   )
     freq (   15) =      11.236047 [THz] =     374.794183 [cm-1]
 (  0.000000   0.000000    -0.296094   0.000000     0.006592   0.000000   )
 ( -0.000000   0.000000    -0.296094   0.000000     0.006592   0.000000   )
 ( -0.000000   0.000000     0.461586   0.000000    -0.103030   0.000000   )
 (  0.000000   0.000000     0.426234   0.000000     0.083264   0.000000   )
 ( -0.000000   0.000000     0.426234   0.000000     0.083264   0.000000   )
 (  0.000000   0.000000     0.461586   0.000000    -0.103030   0.000000   )
     freq (   16) =      12.390150 [THz] =     413.290933 [cm-1]
 (  0.020471   0.000000    -0.011209   0.000000    -0.008457   0.000000   )
 ( -0.020471   0.000000     0.011209   0.000000     0.008457   0.000000   )
 ( -0.022955   0.000000     0.010190   0.000000     0.502543   0.000000   )
 (  0.037063   0.000000    -0.026288   0.000000     0.494104   0.000000   )
 ( -0.037063   0.000000     0.026288   0.000000    -0.494104   0.000000   )
 (  0.022955   0.000000    -0.010190   0.000000    -0.502543   0.000000   )
     freq (   17) =      13.361174 [THz] =     445.680777 [cm-1]
 (  0.000000   0.000000    -0.007294   0.000000    -0.301518   0.000000   )
 ( -0.000000   0.000000    -0.007294   0.000000    -0.301518   0.000000   )
 ( -0.000000   0.000000     0.012742   0.000000     0.459301   0.000000   )
 (  0.000000   0.000000     0.009128   0.000000     0.444782   0.000000   )
 ( -0.000000   0.000000     0.009128   0.000000     0.444782   0.000000   )
 (  0.000000   0.000000     0.012742   0.000000     0.459301   0.000000   )
     freq (   18) =      13.842537 [THz] =     461.737326 [cm-1]
 (  0.013102   0.000000    -0.009042   0.000000     0.278394   0.000000   )
 ( -0.013102   0.000000     0.009042   0.000000    -0.278394   0.000000   )
 ( -0.246207   0.000000     0.149579   0.000000    -0.405835   0.000000   )
 (  0.111771   0.000000    -0.052665   0.000000     0.399102   0.000000   )
 ( -0.111771   0.000000     0.052665   0.000000    -0.399102   0.000000   )
 (  0.246207   0.000000    -0.149579   0.000000     0.405835   0.000000   )
 **************************************************************************
